2020-3월-05 15:29:16,112 [main] ClientDB 
  INFO  query : SELECT SEQNO,TKNUM,TPNUM,VBELN,WERKS,VSTEL,WADAT,WADAT_IST,SNDOK,MESSAGE,FAIL_COUNT, CREATED_DATETIME,CREATED_BY,UPDATED_DATETIME,UPDATED_BY FROM dbo.MAEIL_SHIPMENT_RETURN WHERE (SNDOK != 'S' OR SNDOK IS NULL ) AND FAIL_COUNT < 3
2020-3월-05 15:29:16,244 [main] StepByStepClient 
  INFO  shipmentList.size():0
2020-3월-05 15:29:16,244 [main] StepByStepClient 
  INFO  ------------------------------------
2020-3월-05 15:29:16,244 [main] StepByStepClient 
  INFO  deliveryList.size():0
2020-3월-05 15:29:16,244 [main] StepByStepClient 
  INFO  myTable.getNumRows2():0
2020-3월-05 15:29:16,259 [main] StepByStepClient 
  INFO  myTable.getNumRows3():0
2020-3월-05 15:29:16,259 [main] StepByStepClient 
  INFO  myTable_T_3013.getNumRows():0
2020-3월-05 15:29:16,259 [main] StepByStepClient 
  INFO  ---------- RETURN MESSAGE -----------
2020-3월-05 15:29:16,259 [main] StepByStepClient 
  INFO  전송된 데이타가 없습니다.
2020-3월-05 15:29:16,259 [main] StepByStepClient 
  INFO  Z_SHIP_DELI_RETURN finished
2020-3월-05 15:29:26,486 [main] ClientDB 
  INFO  query : SELECT SEQNO,TKNUM,TPNUM,VBELN,WERKS,VSTEL,WADAT,WADAT_IST,SNDOK,MESSAGE,FAIL_COUNT, CREATED_DATETIME,CREATED_BY,UPDATED_DATETIME,UPDATED_BY FROM dbo.MAEIL_SHIPMENT_RETURN WHERE (SNDOK != 'S' OR SNDOK IS NULL ) AND FAIL_COUNT < 3
2020-3월-05 15:29:26,613 [main] StepByStepClient 
  INFO  shipmentList.size():0
2020-3월-05 15:29:26,613 [main] StepByStepClient 
  INFO  ------------------------------------
2020-3월-05 15:29:26,613 [main] StepByStepClient 
  INFO  deliveryList.size():0
2020-3월-05 15:29:26,614 [main] StepByStepClient 
  INFO  myTable.getNumRows2():0
2020-3월-05 15:29:26,630 [main] StepByStepClient 
  INFO  myTable.getNumRows3():0
2020-3월-05 15:29:26,630 [main] StepByStepClient 
  INFO  myTable_T_3013.getNumRows():0
2020-3월-05 15:29:26,645 [main] StepByStepClient 
  INFO  ---------- RETURN MESSAGE -----------
2020-3월-05 15:29:26,645 [main] StepByStepClient 
  INFO  전송된 데이타가 없습니다.
2020-3월-05 15:29:26,645 [main] StepByStepClient 
  INFO  Z_SHIP_DELI_RETURN finished
